# JRE version: OpenJDK Runtime Environment (8.0_222-b10) (build 1.8.0_222-8u222-b10-1ubuntu1~16.04.1-b10)
# Java VM: OpenJDK 64-Bit Server VM (25.222-b10 mixed mode linux-amd64 compressed oops)
Heap:
 def new generation   total 138304K, used 84637K [0x00000000c0000000, 0x00000000c9610000, 0x00000000d5550000)
  eden space 122944K,  67% used [0x00000000c0000000, 0x00000000c50b6048, 0x00000000c7810000)
  from space 15360K,  12% used [0x00000000c7810000, 0x00000000c7a01648, 0x00000000c8710000)
  to   space 15360K,   0% used [0x00000000c8710000, 0x00000000c8710000, 0x00000000c9610000)
 tenured generation   total 307212K, used 298147K [0x00000000d5550000, 0x00000000e8153000, 0x0000000100000000)
   the space 307212K,  97% used [0x00000000d5550000, 0x00000000e7878f60, 0x00000000e7879000, 0x00000000e8153000)
 Metaspace       used 97597K, capacity 99591K, committed 100952K, reserved 1136640K
  class space    used 12299K, capacity 12632K, committed 12888K, reserved 1048576K
GC Heap History (10 events):
Event: 2294.673 GC heap before
{Heap before GC invocations=6860 (full 31):
 def new generation   total 138304K, used 108744K [0x00000000c0000000, 0x00000000c9610000, 0x00000000d5550000)
  eden space 122944K,  86% used [0x00000000c0000000, 0x00000000c6842888, 0x00000000c7810000)
  from space 15360K,  12% used [0x00000000c8710000, 0x00000000c88ff8d0, 0x00000000c9610000)
  to   space 15360K,   0% used [0x00000000c7810000, 0x00000000c7810000, 0x00000000c8710000)
 tenured generation   total 307212K, used 297971K [0x00000000d5550000, 0x00000000e8153000, 0x0000000100000000)
   the space 307212K,  96% used [0x00000000d5550000, 0x00000000e784cc50, 0x00000000e784ce00, 0x00000000e8153000)
 Metaspace       used 97593K, capacity 99585K, committed 100952K, reserved 1136640K
  class space    used 12298K, capacity 12631K, committed 12888K, reserved 1048576K
Event: 2294.742 GC heap after
Heap after GC invocations=6861 (full 31):
 def new generation   total 138304K, used 1966K [0x00000000c0000000, 0x00000000c9610000, 0x00000000d5550000)
  eden space 122944K,   0% used [0x00000000c0000000, 0x00000000c0000000, 0x00000000c7810000)
  from space 15360K,  12% used [0x00000000c7810000, 0x00000000c79fb958, 0x00000000c8710000)
  to   space 15360K,   0% used [0x00000000c8710000, 0x00000000c8710000, 0x00000000c9610000)
 tenured generation   total 307212K, used 298006K [0x00000000d5550000, 0x00000000e8153000, 0x0000000100000000)
   the space 307212K,  97% used [0x00000000d5550000, 0x00000000e7855840, 0x00000000e7855a00, 0x00000000e8153000)
 Metaspace       used 97593K, capacity 99585K, committed 100952K, reserved 1136640K
  class space    used 12298K, capacity 12631K, committed 12888K, reserved 1048576K
}
Event: 2297.630 GC heap before
{Heap before GC invocations=6861 (full 31):
 def new generation   total 138304K, used 124910K [0x00000000c0000000, 0x00000000c9610000, 0x00000000d5550000)
  eden space 122944K, 100% used [0x00000000c0000000, 0x00000000c7810000, 0x00000000c7810000)
  from space 15360K,  12% used [0x00000000c7810000, 0x00000000c79fb958, 0x00000000c8710000)
  to   space 15360K,   0% used [0x00000000c8710000, 0x00000000c8710000, 0x00000000c9610000)
 tenured generation   total 307212K, used 298006K [0x00000000d5550000, 0x00000000e8153000, 0x0000000100000000)
   the space 307212K,  97% used [0x00000000d5550000, 0x00000000e7855840, 0x00000000e7855a00, 0x00000000e8153000)
 Metaspace       used 97597K, capacity 99591K, committed 100952K, reserved 1136640K
  class space    used 12299K, capacity 12632K, committed 12888K, reserved 1048576K
Event: 2297.735 GC heap after
Heap after GC invocations=6862 (full 31):
 def new generation   total 138304K, used 2151K [0x00000000c0000000, 0x00000000c9610000, 0x00000000d5550000)
  eden space 122944K,   0% used [0x00000000c0000000, 0x00000000c0000000, 0x00000000c7810000)
  from space 15360K,  14% used [0x00000000c8710000, 0x00000000c8929d48, 0x00000000c9610000)
  to   space 15360K,   0% used [0x00000000c7810000, 0x00000000c7810000, 0x00000000c8710000)
 tenured generation   total 307212K, used 298041K [0x00000000d5550000, 0x00000000e8153000, 0x0000000100000000)
   the space 307212K,  97% used [0x00000000d5550000, 0x00000000e785e568, 0x00000000e785e600, 0x00000000e8153000)
 Metaspace       used 97597K, capacity 99591K, committed 100952K, reserved 1136640K
  class space    used 12299K, capacity 12632K, committed 12888K, reserved 1048576K
}
Event: 2303.909 GC heap before
{Heap before GC invocations=6862 (full 31):
 def new generation   total 138304K, used 125095K [0x00000000c0000000, 0x00000000c9610000, 0x00000000d5550000)
  eden space 122944K, 100% used [0x00000000c0000000, 0x00000000c7810000, 0x00000000c7810000)
  from space 15360K,  14% used [0x00000000c8710000, 0x00000000c8929d48, 0x00000000c9610000)
  to   space 15360K,   0% used [0x00000000c7810000, 0x00000000c7810000, 0x00000000c8710000)
 tenured generation   total 307212K, used 298041K [0x00000000d5550000, 0x00000000e8153000, 0x0000000100000000)
   the space 307212K,  97% used [0x00000000d5550000, 0x00000000e785e568, 0x00000000e785e600, 0x00000000e8153000)
 Metaspace       used 97597K, capacity 99591K, committed 100952K, reserved 1136640K
  class space    used 12299K, capacity 12632K, committed 12888K, reserved 1048576K
Event: 2304.124 GC heap after
Heap after GC invocations=6863 (full 31):
 def new generation   total 138304K, used 1779K [0x00000000c0000000, 0x00000000c9610000, 0x00000000d5550000)
  eden space 122944K,   0% used [0x00000000c0000000, 0x00000000c0000000, 0x00000000c7810000)
  from space 15360K,  11% used [0x00000000c7810000, 0x00000000c79ccec8, 0x00000000c8710000)
  to   space 15360K,   0% used [0x00000000c8710000, 0x00000000c8710000, 0x00000000c9610000)
 tenured generation   total 307212K, used 298076K [0x00000000d5550000, 0x00000000e8153000, 0x0000000100000000)
   the space 307212K,  97% used [0x00000000d5550000, 0x00000000e7867358, 0x00000000e7867400, 0x00000000e8153000)
 Metaspace       used 97597K, capacity 99591K, committed 100952K, reserved 1136640K
  class space    used 12299K, capacity 12632K, committed 12888K, reserved 1048576K
}
Event: 2315.707 GC heap before
{Heap before GC invocations=6863 (full 31):
 def new generation   total 138304K, used 124723K [0x00000000c0000000, 0x00000000c9610000, 0x00000000d5550000)
  eden space 122944K, 100% used [0x00000000c0000000, 0x00000000c7810000, 0x00000000c7810000)
  from space 15360K,  11% used [0x00000000c7810000, 0x00000000c79ccec8, 0x00000000c8710000)
  to   space 15360K,   0% used [0x00000000c8710000, 0x00000000c8710000, 0x00000000c9610000)
 tenured generation   total 307212K, used 298076K [0x00000000d5550000, 0x00000000e8153000, 0x0000000100000000)
   the space 307212K,  97% used [0x00000000d5550000, 0x00000000e7867358, 0x00000000e7867400, 0x00000000e8153000)
 Metaspace       used 97597K, capacity 99591K, committed 100952K, reserved 1136640K
  class space    used 12299K, capacity 12632K, committed 12888K, reserved 1048576K
Event: 2315.968 GC heap after
Heap after GC invocations=6864 (full 31):
 def new generation   total 138304K, used 1835K [0x00000000c0000000, 0x00000000c9610000, 0x00000000d5550000)
  eden space 122944K,   0% used [0x00000000c0000000, 0x00000000c0000000, 0x00000000c7810000)
  from space 15360K,  11% used [0x00000000c8710000, 0x00000000c88dae88, 0x00000000c9610000)
  to   space 15360K,   0% used [0x00000000c7810000, 0x00000000c7810000, 0x00000000c8710000)
 tenured generation   total 307212K, used 298112K [0x00000000d5550000, 0x00000000e8153000, 0x0000000100000000)
   the space 307212K,  97% used [0x00000000d5550000, 0x00000000e78700c8, 0x00000000e7870200, 0x00000000e8153000)
 Metaspace       used 97597K, capacity 99591K, committed 100952K, reserved 1136640K
  class space    used 12299K, capacity 12632K, committed 12888K, reserved 1048576K
}
Event: 2328.072 GC heap before
{Heap before GC invocations=6864 (full 31):
 def new generation   total 138304K, used 124779K [0x00000000c0000000, 0x00000000c9610000, 0x00000000d5550000)
  eden space 122944K, 100% used [0x00000000c0000000, 0x00000000c7810000, 0x00000000c7810000)
  from space 15360K,  11% used [0x00000000c8710000, 0x00000000c88dae88, 0x00000000c9610000)
  to   space 15360K,   0% used [0x00000000c7810000, 0x00000000c7810000, 0x00000000c8710000)
 tenured generation   total 307212K, used 298112K [0x00000000d5550000, 0x00000000e8153000, 0x0000000100000000)
   the space 307212K,  97% used [0x00000000d5550000, 0x00000000e78700c8, 0x00000000e7870200, 0x00000000e8153000)
 Metaspace       used 97597K, capacity 99591K, committed 100952K, reserved 1136640K
  class space    used 12299K, capacity 12632K, committed 12888K, reserved 1048576K
Event: 2328.295 GC heap after
Heap after GC invocations=6865 (full 31):
 def new generation   total 138304K, used 1989K [0x00000000c0000000, 0x00000000c9610000, 0x00000000d5550000)
  eden space 122944K,   0% used [0x00000000c0000000, 0x00000000c0000000, 0x00000000c7810000)
  from space 15360K,  12% used [0x00000000c7810000, 0x00000000c7a01648, 0x00000000c8710000)
  to   space 15360K,   0% used [0x00000000c8710000, 0x00000000c8710000, 0x00000000c9610000)
 tenured generation   total 307212K, used 298147K [0x00000000d5550000, 0x00000000e8153000, 0x0000000100000000)
   the space 307212K,  97% used [0x00000000d5550000, 0x00000000e7878f60, 0x00000000e7879000, 0x00000000e8153000)
 Metaspace       used 97597K, capacity 99591K, committed 100952K, reserved 1136640K
  class space    used 12299K, capacity 12632K, committed 12888K, reserved 1048576K
}

