# JRE version: OpenJDK Runtime Environment (8.0_222-b10) (build 1.8.0_222-8u222-b10-1ubuntu1~16.04.1-b10)
# Java VM: OpenJDK 64-Bit Server VM (25.222-b10 mixed mode linux-amd64 compressed oops)
Heap:
 def new generation   total 139520K, used 124939K [0x00000000c0000000, 0x00000000c9760000, 0x00000000d5550000)
  eden space 124032K, 100% used [0x00000000c0000000, 0x00000000c7920000, 0x00000000c7920000)
  from space 15488K,   5% used [0x00000000c8840000, 0x00000000c8922db8, 0x00000000c9760000)
  to   space 15488K,   1% used [0x00000000c7920000, 0x00000000c794f6b8, 0x00000000c8840000)
 tenured generation   total 309916K, used 306664K [0x00000000d5550000, 0x00000000e83f7000, 0x0000000100000000)
   the space 309916K,  98% used [0x00000000d5550000, 0x00000000e80ca350, 0x00000000e80ca400, 0x00000000e83f7000)
 Metaspace       used 93838K, capacity 95430K, committed 96856K, reserved 1134592K
  class space    used 12045K, capacity 12338K, committed 12632K, reserved 1048576K
GC Heap History (10 events):
Event: 1025.607 GC heap after
Heap after GC invocations=5945 (full 26):
 def new generation   total 139520K, used 1538K [0x00000000c0000000, 0x00000000c9760000, 0x00000000d5550000)
  eden space 124032K,   0% used [0x00000000c0000000, 0x00000000c0000000, 0x00000000c7920000)
  from space 15488K,   9% used [0x00000000c8840000, 0x00000000c89c0840, 0x00000000c9760000)
  to   space 15488K,   0% used [0x00000000c7920000, 0x00000000c7920000, 0x00000000c8840000)
 tenured generation   total 309916K, used 273022K [0x00000000d5550000, 0x00000000e83f7000, 0x0000000100000000)
   the space 309916K,  88% used [0x00000000d5550000, 0x00000000e5fefac8, 0x00000000e5fefc00, 0x00000000e83f7000)
 Metaspace       used 93799K, capacity 95412K, committed 96856K, reserved 1134592K
  class space    used 12043K, capacity 12335K, committed 12632K, reserved 1048576K
}
Event: 1025.707 GC heap before
{Heap before GC invocations=5945 (full 26):
 def new generation   total 139520K, used 125570K [0x00000000c0000000, 0x00000000c9760000, 0x00000000d5550000)
  eden space 124032K, 100% used [0x00000000c0000000, 0x00000000c7920000, 0x00000000c7920000)
  from space 15488K,   9% used [0x00000000c8840000, 0x00000000c89c0840, 0x00000000c9760000)
  to   space 15488K,   0% used [0x00000000c7920000, 0x00000000c7920000, 0x00000000c8840000)
 tenured generation   total 309916K, used 273022K [0x00000000d5550000, 0x00000000e83f7000, 0x0000000100000000)
   the space 309916K,  88% used [0x00000000d5550000, 0x00000000e5fefac8, 0x00000000e5fefc00, 0x00000000e83f7000)
 Metaspace       used 93799K, capacity 95412K, committed 96856K, reserved 1134592K
  class space    used 12043K, capacity 12335K, committed 12632K, reserved 1048576K
Event: 1025.712 GC heap after
Heap after GC invocations=5946 (full 26):
 def new generation   total 139520K, used 1321K [0x00000000c0000000, 0x00000000c9760000, 0x00000000d5550000)
  eden space 124032K,   0% used [0x00000000c0000000, 0x00000000c0000000, 0x00000000c7920000)
  from space 15488K,   8% used [0x00000000c7920000, 0x00000000c7a6a428, 0x00000000c8840000)
  to   space 15488K,   0% used [0x00000000c8840000, 0x00000000c8840000, 0x00000000c9760000)
 tenured generation   total 309916K, used 273384K [0x00000000d5550000, 0x00000000e83f7000, 0x0000000100000000)
   the space 309916K,  88% used [0x00000000d5550000, 0x00000000e604a370, 0x00000000e604a400, 0x00000000e83f7000)
 Metaspace       used 93799K, capacity 95412K, committed 96856K, reserved 1134592K
  class space    used 12043K, capacity 12335K, committed 12632K, reserved 1048576K
}
Event: 1025.808 GC heap before
{Heap before GC invocations=5946 (full 26):
 def new generation   total 139520K, used 125353K [0x00000000c0000000, 0x00000000c9760000, 0x00000000d5550000)
  eden space 124032K, 100% used [0x00000000c0000000, 0x00000000c7920000, 0x00000000c7920000)
  from space 15488K,   8% used [0x00000000c7920000, 0x00000000c7a6a428, 0x00000000c8840000)
  to   space 15488K,   0% used [0x00000000c8840000, 0x00000000c8840000, 0x00000000c9760000)
 tenured generation   total 309916K, used 273384K [0x00000000d5550000, 0x00000000e83f7000, 0x0000000100000000)
   the space 309916K,  88% used [0x00000000d5550000, 0x00000000e604a370, 0x00000000e604a400, 0x00000000e83f7000)
 Metaspace       used 93799K, capacity 95412K, committed 96856K, reserved 1134592K
  class space    used 12043K, capacity 12335K, committed 12632K, reserved 1048576K
Event: 1025.812 GC heap after
Heap after GC invocations=5947 (full 26):
 def new generation   total 139520K, used 1438K [0x00000000c0000000, 0x00000000c9760000, 0x00000000d5550000)
  eden space 124032K,   0% used [0x00000000c0000000, 0x00000000c0000000, 0x00000000c7920000)
  from space 15488K,   9% used [0x00000000c8840000, 0x00000000c89a7960, 0x00000000c9760000)
  to   space 15488K,   0% used [0x00000000c7920000, 0x00000000c7920000, 0x00000000c8840000)
 tenured generation   total 309916K, used 273577K [0x00000000d5550000, 0x00000000e83f7000, 0x0000000100000000)
   the space 309916K,  88% used [0x00000000d5550000, 0x00000000e607a5a0, 0x00000000e607a600, 0x00000000e83f7000)
 Metaspace       used 93799K, capacity 95412K, committed 96856K, reserved 1134592K
  class space    used 12043K, capacity 12335K, committed 12632K, reserved 1048576K
}
Event: 1025.911 GC heap before
{Heap before GC invocations=5947 (full 26):
 def new generation   total 139520K, used 125470K [0x00000000c0000000, 0x00000000c9760000, 0x00000000d5550000)
  eden space 124032K, 100% used [0x00000000c0000000, 0x00000000c7920000, 0x00000000c7920000)
  from space 15488K,   9% used [0x00000000c8840000, 0x00000000c89a7960, 0x00000000c9760000)
  to   space 15488K,   0% used [0x00000000c7920000, 0x00000000c7920000, 0x00000000c8840000)
 tenured generation   total 309916K, used 273577K [0x00000000d5550000, 0x00000000e83f7000, 0x0000000100000000)
   the space 309916K,  88% used [0x00000000d5550000, 0x00000000e607a5a0, 0x00000000e607a600, 0x00000000e83f7000)
 Metaspace       used 93799K, capacity 95412K, committed 96856K, reserved 1134592K
  class space    used 12043K, capacity 12335K, committed 12632K, reserved 1048576K
Event: 1025.971 GC heap after
Heap after GC invocations=5948 (full 26):
 def new generation   total 139520K, used 1165K [0x00000000c0000000, 0x00000000c9760000, 0x00000000d5550000)
  eden space 124032K,   0% used [0x00000000c0000000, 0x00000000c0000000, 0x00000000c7920000)
  from space 15488K,   7% used [0x00000000c7920000, 0x00000000c7a437e8, 0x00000000c8840000)
  to   space 15488K,   0% used [0x00000000c8840000, 0x00000000c8840000, 0x00000000c9760000)
 tenured generation   total 309916K, used 306628K [0x00000000d5550000, 0x00000000e83f7000, 0x0000000100000000)
   the space 309916K,  98% used [0x00000000d5550000, 0x00000000e80c1340, 0x00000000e80c1400, 0x00000000e83f7000)
 Metaspace       used 93799K, capacity 95412K, committed 96856K, reserved 1134592K
  class space    used 12043K, capacity 12335K, committed 12632K, reserved 1048576K
}
Event: 1026.505 GC heap before
{Heap before GC invocations=5948 (full 26):
 def new generation   total 139520K, used 125197K [0x00000000c0000000, 0x00000000c9760000, 0x00000000d5550000)
  eden space 124032K, 100% used [0x00000000c0000000, 0x00000000c7920000, 0x00000000c7920000)
  from space 15488K,   7% used [0x00000000c7920000, 0x00000000c7a437e8, 0x00000000c8840000)
  to   space 15488K,   0% used [0x00000000c8840000, 0x00000000c8840000, 0x00000000c9760000)
 tenured generation   total 309916K, used 306628K [0x00000000d5550000, 0x00000000e83f7000, 0x0000000100000000)
   the space 309916K,  98% used [0x00000000d5550000, 0x00000000e80c1340, 0x00000000e80c1400, 0x00000000e83f7000)
 Metaspace       used 93823K, capacity 95412K, committed 96856K, reserved 1134592K
  class space    used 12043K, capacity 12335K, committed 12632K, reserved 1048576K
Event: 1026.510 GC heap after
Heap after GC invocations=5949 (full 26):
 def new generation   total 139520K, used 907K [0x00000000c0000000, 0x00000000c9760000, 0x00000000d5550000)
  eden space 124032K,   0% used [0x00000000c0000000, 0x00000000c0000000, 0x00000000c7920000)
  from space 15488K,   5% used [0x00000000c8840000, 0x00000000c8922db8, 0x00000000c9760000)
  to   space 15488K,   0% used [0x00000000c7920000, 0x00000000c7920000, 0x00000000c8840000)
 tenured generation   total 309916K, used 306663K [0x00000000d5550000, 0x00000000e83f7000, 0x0000000100000000)
   the space 309916K,  98% used [0x00000000d5550000, 0x00000000e80c9f08, 0x00000000e80ca000, 0x00000000e83f7000)
 Metaspace       used 93823K, capacity 95412K, committed 96856K, reserved 1134592K
  class space    used 12043K, capacity 12335K, committed 12632K, reserved 1048576K
}
Event: 1026.777 GC heap before
{Heap before GC invocations=5949 (full 26):
 def new generation   total 139520K, used 124939K [0x00000000c0000000, 0x00000000c9760000, 0x00000000d5550000)
  eden space 124032K, 100% used [0x00000000c0000000, 0x00000000c7920000, 0x00000000c7920000)
  from space 15488K,   5% used [0x00000000c8840000, 0x00000000c8922db8, 0x00000000c9760000)
  to   space 15488K,   0% used [0x00000000c7920000, 0x00000000c7920000, 0x00000000c8840000)
 tenured generation   total 309916K, used 306663K [0x00000000d5550000, 0x00000000e83f7000, 0x0000000100000000)
   the space 309916K,  98% used [0x00000000d5550000, 0x00000000e80c9f08, 0x00000000e80ca000, 0x00000000e83f7000)
 Metaspace       used 93838K, capacity 95430K, committed 96856K, reserved 1134592K
  class space    used 12045K, capacity 12338K, committed 12632K, reserved 1048576K

