# JRE version: OpenJDK Runtime Environment (8.0_222-b10) (build 1.8.0_222-8u222-b10-1ubuntu1~16.04.1-b10)
# Java VM: OpenJDK 64-Bit Server VM (25.222-b10 mixed mode linux-amd64 compressed oops)
Heap:
 def new generation   total 110016K, used 0K [0x00000000c0000000, 0x00000000c7750000, 0x00000000d5550000)
  eden space 97856K,   0% used [0x00000000c0000000, 0x00000000c0000000, 0x00000000c5f90000)
  from space 12160K,   0% used [0x00000000c5f90000, 0x00000000c5f90000, 0x00000000c6b70000)
  to   space 12160K,   0% used [0x00000000c6b70000, 0x00000000c6b70000, 0x00000000c7750000)
 tenured generation   total 248128K, used 191807K [0x00000000d5550000, 0x00000000e47a0000, 0x0000000100000000)
   the space 248128K,  77% used [0x00000000d5550000, 0x00000000e109fc50, 0x00000000e109fe00, 0x00000000e47a0000)
 Metaspace       used 96244K, capacity 98405K, committed 104024K, reserved 1140736K
  class space    used 12106K, capacity 12439K, committed 13400K, reserved 1048576K
GC Heap History (10 events):
Event: 1064.648 GC heap after
Heap after GC invocations=4456 (full 28):
 def new generation   total 110016K, used 762K [0x00000000c0000000, 0x00000000c7750000, 0x00000000d5550000)
  eden space 97856K,   0% used [0x00000000c0000000, 0x00000000c0000000, 0x00000000c5f90000)
  from space 12160K,   6% used [0x00000000c6b70000, 0x00000000c6c2e8b8, 0x00000000c7750000)
  to   space 12160K,   0% used [0x00000000c5f90000, 0x00000000c5f90000, 0x00000000c6b70000)
 tenured generation   total 244288K, used 212114K [0x00000000d5550000, 0x00000000e43e0000, 0x0000000100000000)
   the space 244288K,  86% used [0x00000000d5550000, 0x00000000e2474a38, 0x00000000e2474c00, 0x00000000e43e0000)
 Metaspace       used 96217K, capacity 98335K, committed 104024K, reserved 1140736K
  class space    used 12105K, capacity 12438K, committed 13400K, reserved 1048576K
}
Event: 1064.741 GC heap before
{Heap before GC invocations=4456 (full 28):
 def new generation   total 110016K, used 98618K [0x00000000c0000000, 0x00000000c7750000, 0x00000000d5550000)
  eden space 97856K, 100% used [0x00000000c0000000, 0x00000000c5f90000, 0x00000000c5f90000)
  from space 12160K,   6% used [0x00000000c6b70000, 0x00000000c6c2e8b8, 0x00000000c7750000)
  to   space 12160K,   0% used [0x00000000c5f90000, 0x00000000c5f90000, 0x00000000c6b70000)
 tenured generation   total 244288K, used 212114K [0x00000000d5550000, 0x00000000e43e0000, 0x0000000100000000)
   the space 244288K,  86% used [0x00000000d5550000, 0x00000000e2474a38, 0x00000000e2474c00, 0x00000000e43e0000)
 Metaspace       used 96217K, capacity 98335K, committed 104024K, reserved 1140736K
  class space    used 12105K, capacity 12438K, committed 13400K, reserved 1048576K
Event: 1064.745 GC heap after
Heap after GC invocations=4457 (full 28):
 def new generation   total 110016K, used 1129K [0x00000000c0000000, 0x00000000c7750000, 0x00000000d5550000)
  eden space 97856K,   0% used [0x00000000c0000000, 0x00000000c0000000, 0x00000000c5f90000)
  from space 12160K,   9% used [0x00000000c5f90000, 0x00000000c60aa468, 0x00000000c6b70000)
  to   space 12160K,   0% used [0x00000000c6b70000, 0x00000000c6b70000, 0x00000000c7750000)
 tenured generation   total 244288K, used 212114K [0x00000000d5550000, 0x00000000e43e0000, 0x0000000100000000)
   the space 244288K,  86% used [0x00000000d5550000, 0x00000000e2474a38, 0x00000000e2474c00, 0x00000000e43e0000)
 Metaspace       used 96217K, capacity 98335K, committed 104024K, reserved 1140736K
  class space    used 12105K, capacity 12438K, committed 13400K, reserved 1048576K
}
Event: 1064.838 GC heap before
{Heap before GC invocations=4457 (full 28):
 def new generation   total 110016K, used 98985K [0x00000000c0000000, 0x00000000c7750000, 0x00000000d5550000)
  eden space 97856K, 100% used [0x00000000c0000000, 0x00000000c5f90000, 0x00000000c5f90000)
  from space 12160K,   9% used [0x00000000c5f90000, 0x00000000c60aa468, 0x00000000c6b70000)
  to   space 12160K,   0% used [0x00000000c6b70000, 0x00000000c6b70000, 0x00000000c7750000)
 tenured generation   total 244288K, used 212114K [0x00000000d5550000, 0x00000000e43e0000, 0x0000000100000000)
   the space 244288K,  86% used [0x00000000d5550000, 0x00000000e2474a38, 0x00000000e2474c00, 0x00000000e43e0000)
 Metaspace       used 96217K, capacity 98335K, committed 104024K, reserved 1140736K
  class space    used 12105K, capacity 12438K, committed 13400K, reserved 1048576K
Event: 1064.843 GC heap after
Heap after GC invocations=4458 (full 28):
 def new generation   total 110016K, used 1495K [0x00000000c0000000, 0x00000000c7750000, 0x00000000d5550000)
  eden space 97856K,   0% used [0x00000000c0000000, 0x00000000c0000000, 0x00000000c5f90000)
  from space 12160K,  12% used [0x00000000c6b70000, 0x00000000c6ce5d70, 0x00000000c7750000)
  to   space 12160K,   0% used [0x00000000c5f90000, 0x00000000c5f90000, 0x00000000c6b70000)
 tenured generation   total 244288K, used 212114K [0x00000000d5550000, 0x00000000e43e0000, 0x0000000100000000)
   the space 244288K,  86% used [0x00000000d5550000, 0x00000000e2474a38, 0x00000000e2474c00, 0x00000000e43e0000)
 Metaspace       used 96217K, capacity 98335K, committed 104024K, reserved 1140736K
  class space    used 12105K, capacity 12438K, committed 13400K, reserved 1048576K
}
Event: 1065.054 GC heap before
{Heap before GC invocations=4458 (full 28):
 def new generation   total 110016K, used 97470K [0x00000000c0000000, 0x00000000c7750000, 0x00000000d5550000)
  eden space 97856K,  98% used [0x00000000c0000000, 0x00000000c5db9dc8, 0x00000000c5f90000)
  from space 12160K,  12% used [0x00000000c6b70000, 0x00000000c6ce5d70, 0x00000000c7750000)
  to   space 12160K,   0% used [0x00000000c5f90000, 0x00000000c5f90000, 0x00000000c6b70000)
 tenured generation   total 244288K, used 212114K [0x00000000d5550000, 0x00000000e43e0000, 0x0000000100000000)
   the space 244288K,  86% used [0x00000000d5550000, 0x00000000e2474a38, 0x00000000e2474c00, 0x00000000e43e0000)
 Metaspace       used 96240K, capacity 98399K, committed 104024K, reserved 1140736K
  class space    used 12105K, capacity 12438K, committed 13400K, reserved 1048576K
Event: 1065.078 GC heap after
Heap after GC invocations=4459 (full 28):
 def new generation   total 110016K, used 9130K [0x00000000c0000000, 0x00000000c7750000, 0x00000000d5550000)
  eden space 97856K,   0% used [0x00000000c0000000, 0x00000000c0000000, 0x00000000c5f90000)
  from space 12160K,  75% used [0x00000000c5f90000, 0x00000000c687a910, 0x00000000c6b70000)
  to   space 12160K,   0% used [0x00000000c6b70000, 0x00000000c6b70000, 0x00000000c7750000)
 tenured generation   total 244288K, used 212114K [0x00000000d5550000, 0x00000000e43e0000, 0x0000000100000000)
   the space 244288K,  86% used [0x00000000d5550000, 0x00000000e2474a38, 0x00000000e2474c00, 0x00000000e43e0000)
 Metaspace       used 96240K, capacity 98399K, committed 104024K, reserved 1140736K
  class space    used 12105K, capacity 12438K, committed 13400K, reserved 1048576K
}
Event: 1065.332 GC heap before
{Heap before GC invocations=4459 (full 28):
 def new generation   total 110016K, used 106986K [0x00000000c0000000, 0x00000000c7750000, 0x00000000d5550000)
  eden space 97856K, 100% used [0x00000000c0000000, 0x00000000c5f90000, 0x00000000c5f90000)
  from space 12160K,  75% used [0x00000000c5f90000, 0x00000000c687a910, 0x00000000c6b70000)
  to   space 12160K,   0% used [0x00000000c6b70000, 0x00000000c6b70000, 0x00000000c7750000)
 tenured generation   total 244288K, used 212114K [0x00000000d5550000, 0x00000000e43e0000, 0x0000000100000000)
   the space 244288K,  86% used [0x00000000d5550000, 0x00000000e2474a38, 0x00000000e2474c00, 0x00000000e43e0000)
 Metaspace       used 96244K, capacity 98405K, committed 104024K, reserved 1140736K
  class space    used 12106K, capacity 12439K, committed 13400K, reserved 1048576K
Event: 1065.349 GC heap after
Heap after GC invocations=4460 (full 28):
 def new generation   total 110016K, used 6902K [0x00000000c0000000, 0x00000000c7750000, 0x00000000d5550000)
  eden space 97856K,   0% used [0x00000000c0000000, 0x00000000c0000000, 0x00000000c5f90000)
  from space 12160K,  56% used [0x00000000c6b70000, 0x00000000c722db58, 0x00000000c7750000)
  to   space 12160K,   0% used [0x00000000c5f90000, 0x00000000c5f90000, 0x00000000c6b70000)
 tenured generation   total 244288K, used 221170K [0x00000000d5550000, 0x00000000e43e0000, 0x0000000100000000)
   the space 244288K,  90% used [0x00000000d5550000, 0x00000000e2d4cb98, 0x00000000e2d4cc00, 0x00000000e43e0000)
 Metaspace       used 96244K, capacity 98405K, committed 104024K, reserved 1140736K
  class space    used 12106K, capacity 12439K, committed 13400K, reserved 1048576K
}
Event: 1065.597 GC heap before
{Heap before GC invocations=4460 (full 28):
 def new generation   total 110016K, used 104758K [0x00000000c0000000, 0x00000000c7750000, 0x00000000d5550000)
  eden space 97856K, 100% used [0x00000000c0000000, 0x00000000c5f90000, 0x00000000c5f90000)
  from space 12160K,  56% used [0x00000000c6b70000, 0x00000000c722db58, 0x00000000c7750000)
  to   space 12160K,   0% used [0x00000000c5f90000, 0x00000000c5f90000, 0x00000000c6b70000)
 tenured generation   total 244288K, used 221170K [0x00000000d5550000, 0x00000000e43e0000, 0x0000000100000000)
   the space 244288K,  90% used [0x00000000d5550000, 0x00000000e2d4cb98, 0x00000000e2d4cc00, 0x00000000e43e0000)
 Metaspace       used 96244K, capacity 98405K, committed 104024K, reserved 1140736K
  class space    used 12106K, capacity 12439K, committed 13400K, reserved 1048576K

